[00:00:26] [pool-4-thread-71/INFO]: [ClearLag] 3 items have been cleared.
[00:05:13] [Server thread/INFO]: ZartyPT has just earned the achievement [Acquire Hardware]
[00:09:26] [pool-4-thread-73/INFO]: [ClearLag] Ground items will be cleared in 60 seconds.
[00:09:56] [pool-4-thread-73/INFO]: [ClearLag] Ground items will be cleared in 30 seconds.
[00:10:26] [pool-4-thread-73/INFO]: [ClearLag] 9 items have been cleared.
[00:16:56] [Server thread/INFO]: NunoMouraz lost connection: Internal Exception: java.io.IOException: Une connexion existante a dû être fermée par l’hôte distant
[00:16:56] [Server thread/INFO]: NunoMouraz left the game
[00:17:35] [Server thread/INFO]: ZartyPT lost connection: Internal Exception: java.io.IOException: Une connexion existante a dû être fermée par l’hôte distant
[00:17:35] [Server thread/INFO]: ZartyPT left the game
[00:18:30] [Server thread/INFO]: NunoMouraz[/25.102.57.248:54369] logged in with entity id 27440 in world(0) at (-100.86658555912081, 65.0, 385.6150075097146)
[00:18:30] [Server thread/INFO]: NunoMouraz joined the game
[00:18:43] [Server thread/INFO]: ZartyPT[/25.102.51.107:51474] logged in with entity id 27590 in world(0) at (-100.55652186745095, 65.0, 378.4241776047746)
[00:18:43] [Server thread/INFO]: ZartyPT joined the game
[00:19:26] [pool-4-thread-75/INFO]: [ClearLag] Ground items will be cleared in 60 seconds.
[00:19:56] [pool-4-thread-75/INFO]: [ClearLag] Ground items will be cleared in 30 seconds.
[00:20:26] [pool-4-thread-75/INFO]: [ClearLag] 5 items have been cleared.
[00:20:47] [Server thread/INFO]: <NunoMouraz> teste
[00:20:52] [Server thread/INFO]: <NunoMouraz> ping
[00:22:55] [Server thread/INFO]: NunoMouraz lost connection: Disconnected
[00:22:55] [Server thread/INFO]: NunoMouraz left the game
[00:29:26] [pool-4-thread-77/INFO]: [ClearLag] Ground items will be cleared in 60 seconds.
[00:29:31] [Server thread/WARN]: Can't keep up! Did the system time change, or is the server overloaded? Running 3123ms behind, skipping 62 tick(s)
[00:29:56] [pool-4-thread-77/INFO]: [ClearLag] Ground items will be cleared in 30 seconds.
[00:30:26] [pool-4-thread-77/INFO]: [ClearLag] 11 items have been cleared.
[00:31:25] [Server thread/INFO]: NunoMouraz[/25.102.57.248:54441] logged in with entity id 29512 in world(0) at (-102.06959909750935, 65.0, 383.69310369565454)
[00:31:25] [Server thread/INFO]: NunoMouraz joined the game
[00:39:26] [pool-4-thread-79/INFO]: [ClearLag] Ground items will be cleared in 60 seconds.
[00:39:56] [pool-4-thread-79/INFO]: [ClearLag] Ground items will be cleared in 30 seconds.
[00:40:26] [pool-4-thread-79/INFO]: [ClearLag] 2 items have been cleared.
[00:46:45] [Server thread/INFO]: BptubePT[/25.98.230.111:60599] logged in with entity id 31442 in world(0) at (-98.35914870757159, 65.0, 376.7416906568189)
[00:46:45] [Server thread/INFO]: BptubePT joined the game
[00:49:26] [pool-4-thread-81/INFO]: [ClearLag] Ground items will be cleared in 60 seconds.
[00:49:56] [pool-4-thread-81/INFO]: [ClearLag] Ground items will be cleared in 30 seconds.
[00:50:26] [pool-4-thread-81/INFO]: [ClearLag] 11 items have been cleared.
[00:50:39] [Server thread/INFO]: Server Backup started!
[00:50:40] [Thread-126/INFO]: Server backup done in 522ms! (13.5MB | 38.8MB)
[00:56:54] [Server thread/INFO]: NunoMouraz lost connection: Internal Exception: java.io.IOException: Une connexion existante a dû être fermée par l’hôte distant
[00:56:54] [Server thread/INFO]: NunoMouraz left the game
[00:57:44] [Server thread/INFO]: NunoMouraz[/25.102.57.248:54455] logged in with entity id 34391 in world(0) at (-100.92468918990544, 65.0, 386.37377707001957)
[00:57:44] [Server thread/INFO]: NunoMouraz joined the game
[00:58:03] [Server thread/INFO]: <NunoMouraz> cunts
[00:58:07] [Server thread/INFO]: <ZartyPT> :P
[00:58:11] [Server thread/INFO]: <BptubePT> cunts cunts
[00:59:26] [pool-4-thread-83/INFO]: [ClearLag] Ground items will be cleared in 60 seconds.
[00:59:56] [pool-4-thread-83/INFO]: [ClearLag] Ground items will be cleared in 30 seconds.
[01:00:26] [pool-4-thread-83/INFO]: [ClearLag] 6 items have been cleared.
[01:06:57] [Server thread/INFO]: NunoMouraz lost connection: Internal Exception: java.io.IOException: Une connexion existante a dû être fermée par l’hôte distant
[01:06:57] [Server thread/INFO]: NunoMouraz left the game
[01:07:22] [Server thread/INFO]: BptubePT lost connection: Disconnected
[01:07:22] [Server thread/INFO]: BptubePT left the game
[01:08:07] [Server thread/INFO]: NunoMouraz[/25.102.57.248:54464] logged in with entity id 35790 in world(0) at (-75.34180157175545, 64.0, 382.6572026390701)
[01:08:07] [Server thread/INFO]: NunoMouraz joined the game
[01:08:50] [Server thread/INFO]: BptubePT[/25.98.230.111:60758] logged in with entity id 35807 in world(0) at (-96.68138269892319, 65.0, 373.76101246735936)
[01:08:50] [Server thread/INFO]: BptubePT joined the game
[01:09:26] [pool-4-thread-85/INFO]: [ClearLag] Ground items will be cleared in 60 seconds.
[01:09:56] [pool-4-thread-85/INFO]: [ClearLag] Ground items will be cleared in 30 seconds.
[01:10:26] [pool-4-thread-85/INFO]: [ClearLag] 15 items have been cleared.
[01:19:26] [pool-4-thread-87/INFO]: [ClearLag] Ground items will be cleared in 60 seconds.
[01:19:56] [pool-4-thread-87/INFO]: [ClearLag] Ground items will be cleared in 30 seconds.
[01:20:26] [pool-4-thread-87/INFO]: [ClearLag] 9 items have been cleared.
[01:27:30] [Server thread/FATAL]: Error executing task
java.util.concurrent.ExecutionException: java.lang.AbstractMethodError: Method jds/bibliocraft/tileentities/TileEntityShelf.getStackInSlot(I)Lnet/minecraft/item/ItemStack; is abstract
	at java.util.concurrent.FutureTask.report(Unknown Source) ~[?:1.8.0_131]
	at java.util.concurrent.FutureTask.get(Unknown Source) ~[?:1.8.0_131]
	at net.minecraft.util.Util.func_181617_a(SourceFile:46) [h.class:?]
	at org.spongepowered.common.SpongeImplHooks.onUtilRunTask(SpongeImplHooks.java:241) [SpongeImplHooks.class:1.10.2-2281-5.2.0-BETA-2422]
	at net.minecraft.server.MinecraftServer.redirect$onRun$zho000(MinecraftServer.java:3932) [MinecraftServer.class:?]
	at net.minecraft.server.MinecraftServer.func_71190_q(MinecraftServer.java:668) [MinecraftServer.class:?]
	at net.minecraft.server.dedicated.DedicatedServer.func_71190_q(DedicatedServer.java:387) [ld.class:?]
	at net.minecraft.server.MinecraftServer.func_71217_p(MinecraftServer.java:613) [MinecraftServer.class:?]
	at net.minecraft.server.MinecraftServer.run(MinecraftServer.java:471) [MinecraftServer.class:?]
	at java.lang.Thread.run(Unknown Source) [?:1.8.0_131]
Caused by: java.lang.AbstractMethodError: Method jds/bibliocraft/tileentities/TileEntityShelf.getStackInSlot(I)Lnet/minecraft/item/ItemStack; is abstract
	at jds.bibliocraft.tileentities.TileEntityShelf.getStackInSlot(TileEntityShelf.java) ~[TileEntityShelf.class:?]
	at com.rwtema.extrautils2.crafting.Radar$PacketPing.lambda$doStuffServer$1(Radar.java:177) ~[Radar$PacketPing.class:?]
	at java.util.concurrent.Executors$RunnableAdapter.call(Unknown Source) ~[?:1.8.0_131]
	at java.util.concurrent.FutureTask.run(Unknown Source) ~[?:1.8.0_131]
	at net.minecraft.util.Util.func_181617_a(SourceFile:45) ~[h.class:?]
	... 7 more
[01:27:32] [Server thread/FATAL]: Error executing task
java.util.concurrent.ExecutionException: java.lang.AbstractMethodError: Method jds/bibliocraft/tileentities/TileEntityShelf.getStackInSlot(I)Lnet/minecraft/item/ItemStack; is abstract
	at java.util.concurrent.FutureTask.report(Unknown Source) ~[?:1.8.0_131]
	at java.util.concurrent.FutureTask.get(Unknown Source) ~[?:1.8.0_131]
	at net.minecraft.util.Util.func_181617_a(SourceFile:46) [h.class:?]
	at org.spongepowered.common.SpongeImplHooks.onUtilRunTask(SpongeImplHooks.java:241) [SpongeImplHooks.class:1.10.2-2281-5.2.0-BETA-2422]
	at net.minecraft.server.MinecraftServer.redirect$onRun$zho000(MinecraftServer.java:3932) [MinecraftServer.class:?]
	at net.minecraft.server.MinecraftServer.func_71190_q(MinecraftServer.java:668) [MinecraftServer.class:?]
	at net.minecraft.server.dedicated.DedicatedServer.func_71190_q(DedicatedServer.java:387) [ld.class:?]
	at net.minecraft.server.MinecraftServer.func_71217_p(MinecraftServer.java:613) [MinecraftServer.class:?]
	at net.minecraft.server.MinecraftServer.run(MinecraftServer.java:471) [MinecraftServer.class:?]
	at java.lang.Thread.run(Unknown Source) [?:1.8.0_131]
Caused by: java.lang.AbstractMethodError: Method jds/bibliocraft/tileentities/TileEntityShelf.getStackInSlot(I)Lnet/minecraft/item/ItemStack; is abstract
	at jds.bibliocraft.tileentities.TileEntityShelf.getStackInSlot(TileEntityShelf.java) ~[TileEntityShelf.class:?]
	at com.rwtema.extrautils2.crafting.Radar$PacketPing.lambda$doStuffServer$1(Radar.java:177) ~[Radar$PacketPing.class:?]
	at java.util.concurrent.Executors$RunnableAdapter.call(Unknown Source) ~[?:1.8.0_131]
	at java.util.concurrent.FutureTask.run(Unknown Source) ~[?:1.8.0_131]
	at net.minecraft.util.Util.func_181617_a(SourceFile:45) ~[h.class:?]
	... 7 more
[01:29:26] [pool-4-thread-89/INFO]: [ClearLag] Ground items will be cleared in 60 seconds.
[01:29:56] [pool-4-thread-89/INFO]: [ClearLag] Ground items will be cleared in 30 seconds.
[01:30:26] [pool-4-thread-89/INFO]: [ClearLag] 9 items have been cleared.
[01:33:28] [Server thread/INFO]: NunoMouraz fell from a high place
[01:39:26] [Server thread/INFO]: NunoMouraz hit the ground too hard
[01:39:26] [pool-4-thread-91/INFO]: [ClearLag] Ground items will be cleared in 60 seconds.
[01:39:56] [pool-4-thread-91/INFO]: [ClearLag] Ground items will be cleared in 30 seconds.
[01:40:26] [pool-4-thread-91/INFO]: [ClearLag] 7 items have been cleared.
[01:45:02] [Server thread/INFO]: BptubePT has just earned the achievement [Bob The Builder!]
[01:49:26] [pool-4-thread-93/INFO]: [ClearLag] Ground items will be cleared in 60 seconds.
[01:49:56] [pool-4-thread-93/INFO]: [ClearLag] Ground items will be cleared in 30 seconds.
[01:50:26] [pool-4-thread-93/INFO]: [ClearLag] 9 items have been cleared.
[01:51:29] [Server thread/INFO]: ZartyPT has just earned the achievement [New Ore Miner]
[01:54:52] [Server thread/INFO]: ZartyPT has just earned the achievement [Tech-Tree Start]
[01:59:01] [Server thread/INFO]: <BptubePT> t
[01:59:07] [Server thread/INFO]: <NunoMouraz> de
[01:59:11] [Server thread/INFO]: <NunoMouraz> tarado
[01:59:26] [pool-4-thread-95/INFO]: [ClearLag] Ground items will be cleared in 60 seconds.
[01:59:56] [pool-4-thread-95/INFO]: [ClearLag] Ground items will be cleared in 30 seconds.
[02:00:26] [Server thread/INFO]: NunoMouraz was shot by Skeleton
[02:00:26] [pool-4-thread-95/INFO]: [ClearLag] 8 items have been cleared.
[02:00:38] [Server thread/INFO]: NunoMouraz got revenge on Skeleton
[02:04:16] [Server thread/INFO]: ZartyPT has just earned the achievement [DIAMONDS!]
[02:05:14] [Server thread/INFO]: NunoMouraz was slain by Zombie
[02:05:29] [Server thread/INFO]: ZartyPT was shot by Skeleton
[02:06:58] [Server thread/INFO]: BptubePT fell from a high place
[02:09:26] [pool-4-thread-97/INFO]: [ClearLag] Ground items will be cleared in 60 seconds.
[02:09:56] [pool-4-thread-97/INFO]: [ClearLag] Ground items will be cleared in 30 seconds.
[02:10:26] [pool-4-thread-97/INFO]: [ClearLag] 13 items have been cleared.
[02:12:38] [Server thread/INFO]: BptubePT was slain by Zombie
[02:14:38] [Server thread/INFO]: ZartyPT was shot by Skeleton
[02:14:52] [Server thread/INFO]: ZartyPT got revenge on Skeleton
[02:18:04] [Server thread/INFO]: NunoMouraz burned to death
[02:19:26] [pool-4-thread-99/INFO]: [ClearLag] Ground items will be cleared in 60 seconds.
[02:19:56] [pool-4-thread-99/INFO]: [ClearLag] Ground items will be cleared in 30 seconds.
[02:20:26] [pool-4-thread-99/INFO]: [ClearLag] 8 items have been cleared.
[02:23:46] [Server thread/INFO]: BptubePT drowned whilst trying to escape Skeleton
[02:28:41] [Server thread/INFO]: ZartyPT has just earned the achievement [Sky of Beginning]
[02:29:26] [pool-4-thread-101/INFO]: [ClearLag] Ground items will be cleared in 60 seconds.
[02:29:56] [pool-4-thread-101/INFO]: [ClearLag] Ground items will be cleared in 30 seconds.
[02:30:25] [Server thread/WARN]: Can't keep up! Did the system time change, or is the server overloaded? Running 5153ms behind, skipping 103 tick(s)
[02:30:26] [pool-4-thread-101/INFO]: [ClearLag] 74 items have been cleared.
[02:32:39] [Server thread/INFO]: NunoMouraz has just earned the achievement [We Need to Go Deeper]
[02:32:42] [Server thread/WARN]: Can't keep up! Did the system time change, or is the server overloaded? Running 2493ms behind, skipping 49 tick(s)
[02:34:32] [Server thread/INFO]: NunoMouraz tried to swim in lava
[02:34:54] [Server thread/INFO]: NunoMouraz lost connection: Disconnected
[02:34:54] [Server thread/INFO]: NunoMouraz left the game
[02:34:54] [Server thread/WARN]: Can't keep up! Did the system time change, or is the server overloaded? Running 3334ms behind, skipping 66 tick(s)
[02:37:09] [Server thread/INFO]: <BptubePT> gamerule keepinventory true
[02:39:26] [pool-4-thread-103/INFO]: [ClearLag] Ground items will be cleared in 60 seconds.
[02:39:56] [pool-4-thread-103/INFO]: [ClearLag] Ground items will be cleared in 30 seconds.
[02:40:26] [pool-4-thread-103/INFO]: [ClearLag] 3 items have been cleared.
[02:42:25] [Server thread/INFO]: BptubePT lost connection: Timed out
[02:42:25] [Server thread/INFO]: BptubePT left the game
[02:42:26] [Server thread/INFO]: ZartyPT lost connection: Disconnected
[02:42:26] [Server thread/INFO]: ZartyPT left the game
[02:42:50] [Server thread/INFO]: Unknown command. Try /help for a list of commands
[02:42:57] [Server thread/INFO]: Unknown command. Try /help for a list of commands
[02:43:02] [Server thread/INFO]: Stopping the server
[02:43:03] [Server thread/INFO]: Stopping server
[02:43:03] [Server thread/INFO]: Saving players
[02:43:03] [Server thread/INFO]: Saving worlds
[02:43:03] [Server thread/INFO]: Saving chunks for level 'world'/Overworld
[02:43:03] [Server thread/INFO]: Saving chunks for level 'DIM-1'/Nether
[02:43:03] [Server thread/INFO]: Saving chunks for level 'DIM1'/The End
[02:43:03] [Server thread/INFO]: Saving chunks for level 'DIM-5'/simplevoidworld
[02:43:03] [Server thread/INFO]: Saving chunks for level 'DIM-4'/ExtraUtils2_Quarry_Dim
[02:43:03] [Server thread/INFO]: Saving chunks for level 'DIM-3'/Deep Dark
[02:43:03] [Server thread/INFO]: Saving chunks for level 'DIM-2'/MiningWorld
[02:43:04] [Server Shutdown Thread/INFO]: Stopping server
[02:43:04] [Server Shutdown Thread/INFO]: Saving players
[02:43:04] [Server Shutdown Thread/INFO]: Saving worlds
